Build started 10/27/2014 4:21:31 PM.
     1>Project "C:\Users\daniel.sherwood\Desktop\shoot and scoot\AIE-framework-Scoot-and-Shoot\AIE Template.vcxproj" on node 2 (Build target(s)).
     1>ClCompile:
         C:\Program Files (x86)\Microsoft Visual Studio 12.0\VC\bin\CL.exe /c /I./ /I./include/ /ZI /nologo /W3 /WX- /Od /Oy- /D WIN32 /D _DEBUG /D _WINDOWS /D _MBCS /Gm /EHsc /RTC1 /MDd /GS /fp:precise /Zc:wchar_t /Zc:forScope /Fo"obj\\" /Fd"obj\vc120.pdb" /Gd /TP /analyze- /errorReport:prompt source\main.cpp
         main.cpp
     1>c:\users\daniel.sherwood\desktop\shoot and scoot\aie-framework-scoot-and-shoot\source\main.cpp(13): warning C4244: 'initializing' : conversion from 'double' to 'int', possible loss of data
     1>c:\users\daniel.sherwood\desktop\shoot and scoot\aie-framework-scoot-and-shoot\source\main.cpp(14): warning C4244: 'initializing' : conversion from 'double' to 'int', possible loss of data
     1>c:\users\daniel.sherwood\desktop\shoot and scoot\aie-framework-scoot-and-shoot\source\main.cpp(33): warning C4244: 'initializing' : conversion from 'int' to 'float', possible loss of data
     1>c:\users\daniel.sherwood\desktop\shoot and scoot\aie-framework-scoot-and-shoot\source\main.cpp(71): warning C4244: 'argument' : conversion from 'int' to 'float', possible loss of data
     1>c:\users\daniel.sherwood\desktop\shoot and scoot\aie-framework-scoot-and-shoot\source\main.cpp(80): warning C4244: 'argument' : conversion from 'float' to 'int', possible loss of data
     1>c:\users\daniel.sherwood\desktop\shoot and scoot\aie-framework-scoot-and-shoot\source\main.cpp(80): warning C4244: 'argument' : conversion from 'double' to 'int', possible loss of data
     1>c:\users\daniel.sherwood\desktop\shoot and scoot\aie-framework-scoot-and-shoot\source\main.cpp(87): warning C4244: 'argument' : conversion from 'int' to 'float', possible loss of data
     1>c:\users\daniel.sherwood\desktop\shoot and scoot\aie-framework-scoot-and-shoot\source\main.cpp(91): warning C4244: '=' : conversion from 'int' to 'float', possible loss of data
     1>c:\users\daniel.sherwood\desktop\shoot and scoot\aie-framework-scoot-and-shoot\source\main.cpp(94): warning C4996: 'itoa': The POSIX name for this item is deprecated. Instead, use the ISO C++ conformant name: _itoa. See online help for details.
                 c:\program files (x86)\microsoft visual studio 12.0\vc\include\stdlib.h(937) : see declaration of 'itoa'
     1>c:\users\daniel.sherwood\desktop\shoot and scoot\aie-framework-scoot-and-shoot\source\main.cpp(95): warning C4244: 'argument' : conversion from 'double' to 'int', possible loss of data
     1>c:\users\daniel.sherwood\desktop\shoot and scoot\aie-framework-scoot-and-shoot\source\main.cpp(119): warning C4244: 'argument' : conversion from 'int' to 'float', possible loss of data
     1>c:\users\daniel.sherwood\desktop\shoot and scoot\aie-framework-scoot-and-shoot\source\main.cpp(123): warning C4244: '=' : conversion from 'int' to 'float', possible loss of data
     1>c:\users\daniel.sherwood\desktop\shoot and scoot\aie-framework-scoot-and-shoot\source\main.cpp(126): warning C4996: 'itoa': The POSIX name for this item is deprecated. Instead, use the ISO C++ conformant name: _itoa. See online help for details.
                 c:\program files (x86)\microsoft visual studio 12.0\vc\include\stdlib.h(937) : see declaration of 'itoa'
     1>c:\users\daniel.sherwood\desktop\shoot and scoot\aie-framework-scoot-and-shoot\source\main.cpp(127): warning C4244: 'argument' : conversion from 'double' to 'int', possible loss of data
     1>c:\users\daniel.sherwood\desktop\shoot and scoot\aie-framework-scoot-and-shoot\source\main.cpp(146): warning C4244: 'argument' : conversion from 'int' to 'float', possible loss of data
     1>c:\users\daniel.sherwood\desktop\shoot and scoot\aie-framework-scoot-and-shoot\source\main.cpp(150): warning C4244: '=' : conversion from 'int' to 'float', possible loss of data
     1>c:\users\daniel.sherwood\desktop\shoot and scoot\aie-framework-scoot-and-shoot\source\main.cpp(153): warning C4996: 'itoa': The POSIX name for this item is deprecated. Instead, use the ISO C++ conformant name: _itoa. See online help for details.
                 c:\program files (x86)\microsoft visual studio 12.0\vc\include\stdlib.h(937) : see declaration of 'itoa'
     1>c:\users\daniel.sherwood\desktop\shoot and scoot\aie-framework-scoot-and-shoot\source\main.cpp(154): warning C4244: 'argument' : conversion from 'double' to 'int', possible loss of data
     1>c:\users\daniel.sherwood\desktop\shoot and scoot\aie-framework-scoot-and-shoot\source\main.cpp(280): warning C4244: 'argument' : conversion from 'float' to 'int', possible loss of data
     1>c:\users\daniel.sherwood\desktop\shoot and scoot\aie-framework-scoot-and-shoot\source\main.cpp(283): warning C4244: 'argument' : conversion from 'int' to 'float', possible loss of data
     1>c:\users\daniel.sherwood\desktop\shoot and scoot\aie-framework-scoot-and-shoot\source\main.cpp(287): warning C4244: 'argument' : conversion from 'float' to 'int', possible loss of data
     1>c:\users\daniel.sherwood\desktop\shoot and scoot\aie-framework-scoot-and-shoot\source\main.cpp(291): warning C4244: 'argument' : conversion from 'int' to 'float', possible loss of data
     1>c:\users\daniel.sherwood\desktop\shoot and scoot\aie-framework-scoot-and-shoot\source\main.cpp(295): warning C4244: 'argument' : conversion from 'float' to 'int', possible loss of data
     1>c:\users\daniel.sherwood\desktop\shoot and scoot\aie-framework-scoot-and-shoot\source\main.cpp(299): warning C4244: 'argument' : conversion from 'int' to 'float', possible loss of data
     1>c:\users\daniel.sherwood\desktop\shoot and scoot\aie-framework-scoot-and-shoot\source\main.cpp(320): warning C4244: 'argument' : conversion from 'double' to 'float', possible loss of data
     1>c:\users\daniel.sherwood\desktop\shoot and scoot\aie-framework-scoot-and-shoot\source\main.cpp(320): warning C4244: 'argument' : conversion from 'int' to 'float', possible loss of data
     1>c:\users\daniel.sherwood\desktop\shoot and scoot\aie-framework-scoot-and-shoot\source\main.cpp(376): warning C4244: 'argument' : conversion from 'double' to 'int', possible loss of data
     1>c:\users\daniel.sherwood\desktop\shoot and scoot\aie-framework-scoot-and-shoot\source\main.cpp(452): warning C4244: 'argument' : conversion from 'float' to 'int', possible loss of data
     1>c:\users\daniel.sherwood\desktop\shoot and scoot\aie-framework-scoot-and-shoot\source\main.cpp(461): warning C4244: 'argument' : conversion from 'float' to 'int', possible loss of data
     1>c:\users\daniel.sherwood\desktop\shoot and scoot\aie-framework-scoot-and-shoot\source\main.cpp(470): warning C4244: 'argument' : conversion from 'float' to 'int', possible loss of data
       Link:
         C:\Program Files (x86)\Microsoft Visual Studio 12.0\VC\bin\link.exe /ERRORREPORT:PROMPT /OUT:"bin\AIE Template_d.exe" /INCREMENTAL /NOLOGO /LIBPATH:./libs AIE_1st_Year_Framework_d.lib kernel32.lib kernel32.lib user32.lib gdi32.lib winspool.lib comdlg32.lib advapi32.lib shell32.lib ole32.lib oleaut32.lib uuid.lib odbc32.lib odbccp32.lib /MANIFEST /MANIFESTUAC:"level='asInvoker' uiAccess='false'" /manifest:embed /DEBUG /PDB:"bin\AIE Template_d.pdb" /TLBID:1 /DYNAMICBASE /NXCOMPAT /IMPLIB:"bin\AIE Template_d.lib" /MACHINE:X86 obj\Bullet.obj
         obj\Button.obj
         obj\Car.obj
         obj\Collision.obj
         obj\Enemy.obj
         obj\Player.obj
         obj\main.obj
         obj\StateManager.obj
         AIE_1st_Year_Framework_d.lib(SOIL.obj) : MSIL .netmodule or module compiled with /GL found; restarting link with /LTCG; add /LTCG to the link command line to improve linker performance
     1>LINK : warning LNK4075: ignoring '/INCREMENTAL' due to '/LTCG' specification
     1>Bullet.obj : warning LNK4075: ignoring '/EDITANDCONTINUE' due to '/OPT:LBR' specification
     1>LINK : warning LNK4098: defaultlib 'LIBCMT' conflicts with use of other libs; use /NODEFAULTLIB:library
     1>LINK : warning LNK4098: defaultlib 'MSVCRT' conflicts with use of other libs; use /NODEFAULTLIB:library
         Generating code
         Finished generating code
     1>AIE_1st_Year_Framework_d.lib(SOIL.obj) : warning LNK4099: PDB 'vc110.pdb' was not found with 'AIE_1st_Year_Framework_d.lib(SOIL.obj)' or at 'C:\Users\daniel.sherwood\Desktop\shoot and scoot\AIE-framework-Scoot-and-Shoot\bin\vc110.pdb'; linking object as if no debug info
     1>AIE_1st_Year_Framework_d.lib(stb_image_aug.obj) : warning LNK4099: PDB 'vc110.pdb' was not found with 'AIE_1st_Year_Framework_d.lib(stb_image_aug.obj)' or at 'C:\Users\daniel.sherwood\Desktop\shoot and scoot\AIE-framework-Scoot-and-Shoot\bin\vc110.pdb'; linking object as if no debug info
     1>AIE_1st_Year_Framework_d.lib(image_helper.obj) : warning LNK4099: PDB 'vc110.pdb' was not found with 'AIE_1st_Year_Framework_d.lib(image_helper.obj)' or at 'C:\Users\daniel.sherwood\Desktop\shoot and scoot\AIE-framework-Scoot-and-Shoot\bin\vc110.pdb'; linking object as if no debug info
     1>AIE_1st_Year_Framework_d.lib(image_DXT.obj) : warning LNK4099: PDB 'vc110.pdb' was not found with 'AIE_1st_Year_Framework_d.lib(image_DXT.obj)' or at 'C:\Users\daniel.sherwood\Desktop\shoot and scoot\AIE-framework-Scoot-and-Shoot\bin\vc110.pdb'; linking object as if no debug info
     1>AIE_1st_Year_Framework_d.lib(tinystr.obj) : warning LNK4099: PDB 'vc120.pdb' was not found with 'AIE_1st_Year_Framework_d.lib(tinystr.obj)' or at 'C:\Users\daniel.sherwood\Desktop\shoot and scoot\AIE-framework-Scoot-and-Shoot\bin\vc120.pdb'; linking object as if no debug info
     1>AIE_1st_Year_Framework_d.lib(tinyxml.obj) : warning LNK4099: PDB 'vc120.pdb' was not found with 'AIE_1st_Year_Framework_d.lib(tinyxml.obj)' or at 'C:\Users\daniel.sherwood\Desktop\shoot and scoot\AIE-framework-Scoot-and-Shoot\bin\vc120.pdb'; linking object as if no debug info
     1>AIE_1st_Year_Framework_d.lib(tinyxmlerror.obj) : warning LNK4099: PDB 'vc120.pdb' was not found with 'AIE_1st_Year_Framework_d.lib(tinyxmlerror.obj)' or at 'C:\Users\daniel.sherwood\Desktop\shoot and scoot\AIE-framework-Scoot-and-Shoot\bin\vc120.pdb'; linking object as if no debug info
     1>AIE_1st_Year_Framework_d.lib(tinyxmlHelper.obj) : warning LNK4099: PDB 'vc120.pdb' was not found with 'AIE_1st_Year_Framework_d.lib(tinyxmlHelper.obj)' or at 'C:\Users\daniel.sherwood\Desktop\shoot and scoot\AIE-framework-Scoot-and-Shoot\bin\vc120.pdb'; linking object as if no debug info
     1>AIE_1st_Year_Framework_d.lib(tinyxmlparser.obj) : warning LNK4099: PDB 'vc120.pdb' was not found with 'AIE_1st_Year_Framework_d.lib(tinyxmlparser.obj)' or at 'C:\Users\daniel.sherwood\Desktop\shoot and scoot\AIE-framework-Scoot-and-Shoot\bin\vc120.pdb'; linking object as if no debug info
     1>AIE_1st_Year_Framework_d.lib(AIE.obj) : warning LNK4099: PDB 'vc120.pdb' was not found with 'AIE_1st_Year_Framework_d.lib(AIE.obj)' or at 'C:\Users\daniel.sherwood\Desktop\shoot and scoot\AIE-framework-Scoot-and-Shoot\bin\vc120.pdb'; linking object as if no debug info
     1>AIE_1st_Year_Framework_d.lib(AIE_Framework.obj) : warning LNK4099: PDB 'vc120.pdb' was not found with 'AIE_1st_Year_Framework_d.lib(AIE_Framework.obj)' or at 'C:\Users\daniel.sherwood\Desktop\shoot and scoot\AIE-framework-Scoot-and-Shoot\bin\vc120.pdb'; linking object as if no debug info
     1>AIE_1st_Year_Framework_d.lib(BasicSprite.obj) : warning LNK4099: PDB 'vc120.pdb' was not found with 'AIE_1st_Year_Framework_d.lib(BasicSprite.obj)' or at 'C:\Users\daniel.sherwood\Desktop\shoot and scoot\AIE-framework-Scoot-and-Shoot\bin\vc120.pdb'; linking object as if no debug info
     1>AIE_1st_Year_Framework_d.lib(Font.obj) : warning LNK4099: PDB 'vc120.pdb' was not found with 'AIE_1st_Year_Framework_d.lib(Font.obj)' or at 'C:\Users\daniel.sherwood\Desktop\shoot and scoot\AIE-framework-Scoot-and-Shoot\bin\vc120.pdb'; linking object as if no debug info
     1>AIE_1st_Year_Framework_d.lib(FontManager.obj) : warning LNK4099: PDB 'vc120.pdb' was not found with 'AIE_1st_Year_Framework_d.lib(FontManager.obj)' or at 'C:\Users\daniel.sherwood\Desktop\shoot and scoot\AIE-framework-Scoot-and-Shoot\bin\vc120.pdb'; linking object as if no debug info
     1>AIE_1st_Year_Framework_d.lib(Gizmos.obj) : warning LNK4099: PDB 'vc120.pdb' was not found with 'AIE_1st_Year_Framework_d.lib(Gizmos.obj)' or at 'C:\Users\daniel.sherwood\Desktop\shoot and scoot\AIE-framework-Scoot-and-Shoot\bin\vc120.pdb'; linking object as if no debug info
     1>AIE_1st_Year_Framework_d.lib(SpriteManager.obj) : warning LNK4099: PDB 'vc120.pdb' was not found with 'AIE_1st_Year_Framework_d.lib(SpriteManager.obj)' or at 'C:\Users\daniel.sherwood\Desktop\shoot and scoot\AIE-framework-Scoot-and-Shoot\bin\vc120.pdb'; linking object as if no debug info
     1>AIE_1st_Year_Framework_d.lib(strHandler.obj) : warning LNK4099: PDB 'vc120.pdb' was not found with 'AIE_1st_Year_Framework_d.lib(strHandler.obj)' or at 'C:\Users\daniel.sherwood\Desktop\shoot and scoot\AIE-framework-Scoot-and-Shoot\bin\vc120.pdb'; linking object as if no debug info
     1>AIE_1st_Year_Framework_d.lib(Texture.obj) : warning LNK4099: PDB 'vc120.pdb' was not found with 'AIE_1st_Year_Framework_d.lib(Texture.obj)' or at 'C:\Users\daniel.sherwood\Desktop\shoot and scoot\AIE-framework-Scoot-and-Shoot\bin\vc120.pdb'; linking object as if no debug info
     1>AIE_1st_Year_Framework_d.lib(TextureManager.obj) : warning LNK4099: PDB 'vc120.pdb' was not found with 'AIE_1st_Year_Framework_d.lib(TextureManager.obj)' or at 'C:\Users\daniel.sherwood\Desktop\shoot and scoot\AIE-framework-Scoot-and-Shoot\bin\vc120.pdb'; linking object as if no debug info
     1>AIE_1st_Year_Framework_d.lib(Utilities.obj) : warning LNK4099: PDB 'vc120.pdb' was not found with 'AIE_1st_Year_Framework_d.lib(Utilities.obj)' or at 'C:\Users\daniel.sherwood\Desktop\shoot and scoot\AIE-framework-Scoot-and-Shoot\bin\vc120.pdb'; linking object as if no debug info
     1>AIE_1st_Year_Framework_d.lib(glew.obj) : warning LNK4099: PDB 'vc100.pdb' was not found with 'AIE_1st_Year_Framework_d.lib(glew.obj)' or at 'C:\Users\daniel.sherwood\Desktop\shoot and scoot\AIE-framework-Scoot-and-Shoot\bin\vc100.pdb'; linking object as if no debug info
         AIE Template.vcxproj -> C:\Users\daniel.sherwood\Desktop\shoot and scoot\AIE-framework-Scoot-and-Shoot\bin\AIE Template_d.exe
     1>Done Building Project "C:\Users\daniel.sherwood\Desktop\shoot and scoot\AIE-framework-Scoot-and-Shoot\AIE Template.vcxproj" (Build target(s)).

Build succeeded.

Time Elapsed 00:00:01.25
